2024-02-16 09:32:29,664 [6] INFO  ArticlesViewer.Filters.LogActionFilterAttribute - Executing action: Index
2024-02-16 09:32:30,232 [6] INFO  ArticlesViewer.Filters.LogActionFilterAttribute - Executed action: Index
2024-02-16 09:32:49,275 [12] INFO  ArticlesViewer.Filters.LogActionFilterAttribute - Executing action: TestException
2024-02-16 09:32:49,432 [12] INFO  ArticlesViewer.Filters.LogActionFilterAttribute - Executed action: TestException
2024-02-16 09:32:49,432 [12] ERROR ArticlesViewer.Filters.ExceptionFilterAttribute - System.Exception: Exception of type 'System.Exception' was thrown.
   at ArticlesViewer.Controllers.AuthController.TestException() in C:\Users\biswamohan_dwari\Desktop\.NET-assignments\15-2-2024-ProgrammingExercise\Exercise\ArticlesViewer\Controllers\AuthController.cs:line 81
   at lambda_method(Closure , ControllerBase , Object[] )
   at System.Web.Mvc.ControllerActionInvoker.InvokeActionMethod(ControllerContext controllerContext, ActionDescriptor actionDescriptor, IDictionary`2 parameters)
   at System.Web.Mvc.Async.AsyncControllerActionInvoker.<>c.<BeginInvokeSynchronousActionMethod>b__9_0(IAsyncResult asyncResult, ActionInvocation innerInvokeState)
   at System.Web.Mvc.Async.AsyncResultWrapper.WrappedAsyncResult`2.CallEndDelegate(IAsyncResult asyncResult)
   at System.Web.Mvc.Async.AsyncControllerActionInvoker.EndInvokeActionMethod(IAsyncResult asyncResult)
   at System.Web.Mvc.Async.AsyncControllerActionInvoker.AsyncInvocationWithFilters.<>c__DisplayClass11_0.<InvokeActionMethodFilterAsynchronouslyRecursive>b__0()
   at System.Web.Mvc.Async.AsyncControllerActionInvoker.AsyncInvocationWithFilters.<>c__DisplayClass11_2.<InvokeActionMethodFilterAsynchronouslyRecursive>b__2()
   at System.Web.Mvc.Async.AsyncControllerActionInvoker.AsyncInvocationWithFilters.<>c__DisplayClass11_2.<InvokeActionMethodFilterAsynchronouslyRecursive>b__2()
   at System.Web.Mvc.Async.AsyncControllerActionInvoker.EndInvokeActionMethodWithFilters(IAsyncResult asyncResult)
   at System.Web.Mvc.Async.AsyncControllerActionInvoker.<>c__DisplayClass3_6.<BeginInvokeAction>b__4()
   at System.Web.Mvc.Async.AsyncControllerActionInvoker.<>c__DisplayClass3_1.<BeginInvokeAction>b__1(IAsyncResult asyncResult)
2024-02-16 09:34:35,726 [5] INFO  ArticlesViewer.Filters.LogActionFilterAttribute - Executing action: Index
2024-02-16 09:34:35,726 [5] INFO  ArticlesViewer.Filters.LogActionFilterAttribute - Executed action: Index
2024-02-16 09:36:04,335 [9] INFO  ArticlesViewer.Filters.LogActionFilterAttribute - Executing action: Index
2024-02-16 09:36:04,485 [9] INFO  ArticlesViewer.Filters.LogActionFilterAttribute - Executed action: Index
2024-02-16 09:36:27,577 [6] INFO  ArticlesViewer.Filters.LogActionFilterAttribute - Executing action: TestException
2024-02-16 09:36:27,745 [6] INFO  ArticlesViewer.Filters.LogActionFilterAttribute - Executed action: TestException
2024-02-16 09:36:27,745 [6] ERROR ArticlesViewer.Filters.ExceptionFilterAttribute - System.Exception: Exception of type 'System.Exception' was thrown.
   at ArticlesViewer.Controllers.AuthController.TestException() in C:\Users\biswamohan_dwari\Desktop\.NET-assignments\15-2-2024-ProgrammingExercise\Exercise\ArticlesViewer\Controllers\AuthController.cs:line 81
   at lambda_method(Closure , ControllerBase , Object[] )
   at System.Web.Mvc.ControllerActionInvoker.InvokeActionMethod(ControllerContext controllerContext, ActionDescriptor actionDescriptor, IDictionary`2 parameters)
   at System.Web.Mvc.Async.AsyncControllerActionInvoker.<>c.<BeginInvokeSynchronousActionMethod>b__9_0(IAsyncResult asyncResult, ActionInvocation innerInvokeState)
   at System.Web.Mvc.Async.AsyncResultWrapper.WrappedAsyncResult`2.CallEndDelegate(IAsyncResult asyncResult)
   at System.Web.Mvc.Async.AsyncControllerActionInvoker.EndInvokeActionMethod(IAsyncResult asyncResult)
   at System.Web.Mvc.Async.AsyncControllerActionInvoker.AsyncInvocationWithFilters.<>c__DisplayClass11_0.<InvokeActionMethodFilterAsynchronouslyRecursive>b__0()
   at System.Web.Mvc.Async.AsyncControllerActionInvoker.AsyncInvocationWithFilters.<>c__DisplayClass11_2.<InvokeActionMethodFilterAsynchronouslyRecursive>b__2()
   at System.Web.Mvc.Async.AsyncControllerActionInvoker.AsyncInvocationWithFilters.<>c__DisplayClass11_2.<InvokeActionMethodFilterAsynchronouslyRecursive>b__2()
   at System.Web.Mvc.Async.AsyncControllerActionInvoker.EndInvokeActionMethodWithFilters(IAsyncResult asyncResult)
   at System.Web.Mvc.Async.AsyncControllerActionInvoker.<>c__DisplayClass3_6.<BeginInvokeAction>b__4()
   at System.Web.Mvc.Async.AsyncControllerActionInvoker.<>c__DisplayClass3_1.<BeginInvokeAction>b__1(IAsyncResult asyncResult)
2024-02-16 09:49:58,615 [7] INFO  ArticlesViewer.Filters.LogActionFilterAttribute - Executing action: Index
2024-02-16 09:49:58,866 [7] INFO  ArticlesViewer.Filters.LogActionFilterAttribute - Executed action: Index
2024-02-16 09:50:07,814 [6] INFO  ArticlesViewer.Filters.LogActionFilterAttribute - Executing action: TestException
2024-02-16 09:50:07,964 [6] INFO  ArticlesViewer.Filters.LogActionFilterAttribute - Executed action: TestException
2024-02-16 09:50:07,980 [6] ERROR ArticlesViewer.Filters.ExceptionFilterAttribute - System.Exception: Exception of type 'System.Exception' was thrown.
   at ArticlesViewer.Controllers.AuthController.TestException() in C:\Users\biswamohan_dwari\Desktop\.NET-assignments\15-2-2024-ProgrammingExercise\Exercise\ArticlesViewer\Controllers\AuthController.cs:line 81
   at lambda_method(Closure , ControllerBase , Object[] )
   at System.Web.Mvc.ControllerActionInvoker.InvokeActionMethod(ControllerContext controllerContext, ActionDescriptor actionDescriptor, IDictionary`2 parameters)
   at System.Web.Mvc.Async.AsyncControllerActionInvoker.<>c.<BeginInvokeSynchronousActionMethod>b__9_0(IAsyncResult asyncResult, ActionInvocation innerInvokeState)
   at System.Web.Mvc.Async.AsyncResultWrapper.WrappedAsyncResult`2.CallEndDelegate(IAsyncResult asyncResult)
   at System.Web.Mvc.Async.AsyncControllerActionInvoker.EndInvokeActionMethod(IAsyncResult asyncResult)
   at System.Web.Mvc.Async.AsyncControllerActionInvoker.AsyncInvocationWithFilters.<>c__DisplayClass11_0.<InvokeActionMethodFilterAsynchronouslyRecursive>b__0()
   at System.Web.Mvc.Async.AsyncControllerActionInvoker.AsyncInvocationWithFilters.<>c__DisplayClass11_2.<InvokeActionMethodFilterAsynchronouslyRecursive>b__2()
   at System.Web.Mvc.Async.AsyncControllerActionInvoker.AsyncInvocationWithFilters.<>c__DisplayClass11_2.<InvokeActionMethodFilterAsynchronouslyRecursive>b__2()
   at System.Web.Mvc.Async.AsyncControllerActionInvoker.EndInvokeActionMethodWithFilters(IAsyncResult asyncResult)
   at System.Web.Mvc.Async.AsyncControllerActionInvoker.<>c__DisplayClass3_6.<BeginInvokeAction>b__4()
   at System.Web.Mvc.Async.AsyncControllerActionInvoker.<>c__DisplayClass3_1.<BeginInvokeAction>b__1(IAsyncResult asyncResult)
2024-02-16 09:50:19,843 [6] INFO  ArticlesViewer.Filters.LogActionFilterAttribute - Executing action: LogIn
2024-02-16 09:50:20,119 [6] INFO  ArticlesViewer.Filters.LogActionFilterAttribute - Executed action: LogIn
2024-02-16 09:50:35,912 [8] INFO  ArticlesViewer.Filters.LogActionFilterAttribute - Executing action: LogIn
2024-02-16 09:50:35,912 [8] INFO  ArticlesViewer.Filters.LogActionFilterAttribute - Executed action: LogIn
2024-02-16 09:51:27,384 [8] INFO  ArticlesViewer.Filters.LogActionFilterAttribute - Executing action: Index
2024-02-16 09:51:27,437 [8] INFO  ArticlesViewer.Filters.LogActionFilterAttribute - Executed action: Index
2024-02-16 09:51:38,607 [7] INFO  ArticlesViewer.Filters.LogActionFilterAttribute - Executing action: LogIn
2024-02-16 09:51:38,617 [7] INFO  ArticlesViewer.Filters.LogActionFilterAttribute - Executed action: LogIn
2024-02-16 09:51:38,654 [8] INFO  ArticlesViewer.Filters.LogActionFilterAttribute - Executing action: Index
2024-02-16 09:51:38,654 [8] INFO  ArticlesViewer.Filters.LogActionFilterAttribute - Executed action: Index
2024-02-16 09:51:49,541 [6] INFO  ArticlesViewer.Filters.LogActionFilterAttribute - Executing action: LogIn
2024-02-16 09:51:49,712 [6] INFO  ArticlesViewer.Filters.LogActionFilterAttribute - Executed action: LogIn
2024-02-16 09:55:05,268 [10] INFO  ArticlesViewer.Filters.LogActionFilterAttribute - Executing action: Index
2024-02-16 09:55:05,474 [10] INFO  ArticlesViewer.Filters.LogActionFilterAttribute - Executed action: Index
2024-02-16 09:55:21,870 [6] INFO  ArticlesViewer.Filters.LogActionFilterAttribute - Executing action: LogIn
2024-02-16 09:55:21,980 [6] INFO  ArticlesViewer.Filters.LogActionFilterAttribute - Executed action: LogIn
2024-02-16 09:55:22,043 [11] INFO  ArticlesViewer.Filters.LogActionFilterAttribute - Executing action: Index
2024-02-16 09:55:23,947 [11] INFO  ArticlesViewer.Filters.LogActionFilterAttribute - Executed action: Index
2024-02-16 09:55:36,048 [8] INFO  ArticlesViewer.Filters.LogActionFilterAttribute - Executing action: Index
2024-02-16 09:55:36,048 [8] INFO  ArticlesViewer.Filters.LogActionFilterAttribute - Executed action: Index
2024-02-16 09:55:45,689 [6] INFO  ArticlesViewer.Filters.LogActionFilterAttribute - Executing action: LogIn
2024-02-16 09:55:45,689 [6] INFO  ArticlesViewer.Filters.LogActionFilterAttribute - Executed action: LogIn
2024-02-16 09:55:45,703 [8] INFO  ArticlesViewer.Filters.LogActionFilterAttribute - Executing action: Index
2024-02-16 09:55:45,705 [8] INFO  ArticlesViewer.Filters.LogActionFilterAttribute - Executed action: Index
2024-02-16 10:02:02,042 [8] INFO  ArticlesViewer.Filters.LogActionFilterAttribute - Executing action: Index
2024-02-16 10:02:02,105 [8] INFO  ArticlesViewer.Filters.LogActionFilterAttribute - Executed action: Index
2024-02-16 10:02:39,538 [7] INFO  ArticlesViewer.Filters.LogActionFilterAttribute - Executing action: TestException
2024-02-16 10:02:39,740 [7] INFO  ArticlesViewer.Filters.LogActionFilterAttribute - Executed action: TestException
2024-02-16 10:02:39,750 [7] ERROR ArticlesViewer.Filters.ExceptionFilterAttribute - System.Exception: Exception of type 'System.Exception' was thrown.
   at ArticlesViewer.Controllers.AuthController.TestException() in C:\Users\biswamohan_dwari\Desktop\.NET-assignments\15-2-2024-ProgrammingExercise\Exercise\ArticlesViewer\Controllers\AuthController.cs:line 81
   at lambda_method(Closure , ControllerBase , Object[] )
   at System.Web.Mvc.ControllerActionInvoker.InvokeActionMethod(ControllerContext controllerContext, ActionDescriptor actionDescriptor, IDictionary`2 parameters)
   at System.Web.Mvc.Async.AsyncControllerActionInvoker.<>c.<BeginInvokeSynchronousActionMethod>b__9_0(IAsyncResult asyncResult, ActionInvocation innerInvokeState)
   at System.Web.Mvc.Async.AsyncResultWrapper.WrappedAsyncResult`2.CallEndDelegate(IAsyncResult asyncResult)
   at System.Web.Mvc.Async.AsyncControllerActionInvoker.EndInvokeActionMethod(IAsyncResult asyncResult)
   at System.Web.Mvc.Async.AsyncControllerActionInvoker.AsyncInvocationWithFilters.<>c__DisplayClass11_0.<InvokeActionMethodFilterAsynchronouslyRecursive>b__0()
   at System.Web.Mvc.Async.AsyncControllerActionInvoker.AsyncInvocationWithFilters.<>c__DisplayClass11_2.<InvokeActionMethodFilterAsynchronouslyRecursive>b__2()
   at System.Web.Mvc.Async.AsyncControllerActionInvoker.AsyncInvocationWithFilters.<>c__DisplayClass11_2.<InvokeActionMethodFilterAsynchronouslyRecursive>b__2()
   at System.Web.Mvc.Async.AsyncControllerActionInvoker.EndInvokeActionMethodWithFilters(IAsyncResult asyncResult)
   at System.Web.Mvc.Async.AsyncControllerActionInvoker.<>c__DisplayClass3_6.<BeginInvokeAction>b__4()
   at System.Web.Mvc.Async.AsyncControllerActionInvoker.<>c__DisplayClass3_1.<BeginInvokeAction>b__1(IAsyncResult asyncResult)
2024-02-16 10:03:16,991 [6] INFO  ArticlesViewer.Filters.LogActionFilterAttribute - Executing action: LogIn
2024-02-16 10:03:16,999 [6] INFO  ArticlesViewer.Filters.LogActionFilterAttribute - Executed action: LogIn
2024-02-16 10:03:17,035 [8] INFO  ArticlesViewer.Filters.LogActionFilterAttribute - Executing action: Index
2024-02-16 10:03:17,038 [8] INFO  ArticlesViewer.Filters.LogActionFilterAttribute - Executed action: Index
2024-02-16 10:04:10,827 [7] INFO  ArticlesViewer.Filters.LogActionFilterAttribute - Executing action: LogIn
2024-02-16 10:04:11,059 [7] INFO  ArticlesViewer.Filters.LogActionFilterAttribute - Executed action: LogIn
2024-02-16 10:04:11,100 [9] INFO  ArticlesViewer.Filters.LogActionFilterAttribute - Executing action: Index
2024-02-16 10:04:12,468 [9] INFO  ArticlesViewer.Filters.LogActionFilterAttribute - Executed action: Index
2024-02-16 10:04:26,977 [10] INFO  ArticlesViewer.Filters.LogActionFilterAttribute - Executing action: Create
2024-02-16 10:04:26,982 [10] INFO  ArticlesViewer.Filters.LogActionFilterAttribute - Executed action: Create
2024-02-16 10:04:33,162 [7] INFO  ArticlesViewer.Filters.LogActionFilterAttribute - Executing action: Index
2024-02-16 10:04:33,167 [7] INFO  ArticlesViewer.Filters.LogActionFilterAttribute - Executed action: Index
2024-02-16 10:04:35,021 [7] INFO  ArticlesViewer.Filters.LogActionFilterAttribute - Executing action: Index
2024-02-16 10:04:35,025 [7] INFO  ArticlesViewer.Filters.LogActionFilterAttribute - Executed action: Index
2024-02-16 10:04:35,995 [9] INFO  ArticlesViewer.Filters.LogActionFilterAttribute - Executing action: Index
2024-02-16 10:04:35,999 [9] INFO  ArticlesViewer.Filters.LogActionFilterAttribute - Executed action: Index
2024-02-16 10:04:36,681 [7] INFO  ArticlesViewer.Filters.LogActionFilterAttribute - Executing action: Index
2024-02-16 10:04:36,684 [7] INFO  ArticlesViewer.Filters.LogActionFilterAttribute - Executed action: Index
2024-02-16 10:04:37,450 [9] INFO  ArticlesViewer.Filters.LogActionFilterAttribute - Executing action: Index
2024-02-16 10:04:37,453 [9] INFO  ArticlesViewer.Filters.LogActionFilterAttribute - Executed action: Index
2024-02-16 10:04:38,031 [10] INFO  ArticlesViewer.Filters.LogActionFilterAttribute - Executing action: Index
2024-02-16 10:04:38,034 [10] INFO  ArticlesViewer.Filters.LogActionFilterAttribute - Executed action: Index
2024-02-16 10:04:38,555 [12] INFO  ArticlesViewer.Filters.LogActionFilterAttribute - Executing action: Index
2024-02-16 10:04:38,558 [12] INFO  ArticlesViewer.Filters.LogActionFilterAttribute - Executed action: Index
2024-02-16 10:04:40,887 [8] INFO  ArticlesViewer.Filters.LogActionFilterAttribute - Executing action: Edit
2024-02-16 10:04:40,898 [8] INFO  ArticlesViewer.Filters.LogActionFilterAttribute - Executed action: Edit
2024-02-16 10:04:43,168 [7] INFO  ArticlesViewer.Filters.LogActionFilterAttribute - Executing action: Index
2024-02-16 10:04:43,173 [7] INFO  ArticlesViewer.Filters.LogActionFilterAttribute - Executed action: Index
2024-02-16 10:05:19,575 [8] INFO  ArticlesViewer.Filters.LogActionFilterAttribute - Executing action: Index
2024-02-16 10:05:19,581 [8] INFO  ArticlesViewer.Filters.LogActionFilterAttribute - Executed action: Index
2024-02-16 10:05:21,963 [7] INFO  ArticlesViewer.Filters.LogActionFilterAttribute - Executing action: Index
2024-02-16 10:05:21,965 [7] INFO  ArticlesViewer.Filters.LogActionFilterAttribute - Executed action: Index
2024-02-16 10:05:25,227 [8] INFO  ArticlesViewer.Filters.LogActionFilterAttribute - Executing action: Index
2024-02-16 10:05:25,236 [8] INFO  ArticlesViewer.Filters.LogActionFilterAttribute - Executed action: Index
2024-02-16 10:05:28,069 [7] INFO  ArticlesViewer.Filters.LogActionFilterAttribute - Executing action: Index
2024-02-16 10:05:28,073 [7] INFO  ArticlesViewer.Filters.LogActionFilterAttribute - Executed action: Index
2024-02-16 10:05:56,320 [8] INFO  ArticlesViewer.Filters.LogActionFilterAttribute - Executing action: Index
2024-02-16 10:05:56,327 [8] INFO  ArticlesViewer.Filters.LogActionFilterAttribute - Executed action: Index
2024-02-16 11:32:32,125 [6] INFO  ArticlesViewer.Filters.LogActionFilterAttribute - Executing action: Index
2024-02-16 11:32:32,132 [6] INFO  ArticlesViewer.Filters.LogActionFilterAttribute - Executed action: Index
2024-02-16 11:32:46,300 [7] INFO  ArticlesViewer.Filters.LogActionFilterAttribute - Executing action: LogIn
2024-02-16 11:32:46,318 [7] INFO  ArticlesViewer.Filters.LogActionFilterAttribute - Executed action: LogIn
2024-02-16 11:32:46,332 [8] INFO  ArticlesViewer.Filters.LogActionFilterAttribute - Executing action: Index
2024-02-16 11:32:46,332 [8] INFO  ArticlesViewer.Filters.LogActionFilterAttribute - Executed action: Index
2024-02-16 11:32:53,863 [6] INFO  ArticlesViewer.Filters.LogActionFilterAttribute - Executing action: LogIn
2024-02-16 11:32:53,893 [6] INFO  ArticlesViewer.Filters.LogActionFilterAttribute - Executed action: LogIn
2024-02-16 11:32:53,925 [8] INFO  ArticlesViewer.Filters.LogActionFilterAttribute - Executing action: Index
2024-02-16 11:32:54,374 [8] INFO  ArticlesViewer.Filters.LogActionFilterAttribute - Executed action: Index
2024-02-16 11:32:57,639 [7] INFO  ArticlesViewer.Filters.LogActionFilterAttribute - Executing action: Edit
2024-02-16 11:32:57,656 [7] INFO  ArticlesViewer.Filters.LogActionFilterAttribute - Executed action: Edit
2024-02-16 11:32:59,670 [6] INFO  ArticlesViewer.Filters.LogActionFilterAttribute - Executing action: Index
2024-02-16 11:32:59,678 [6] INFO  ArticlesViewer.Filters.LogActionFilterAttribute - Executed action: Index
2024-02-16 11:37:54,702 [6] INFO  ArticlesViewer.Filters.LogActionFilterAttribute - Executing action: Index
2024-02-16 11:37:55,156 [6] INFO  ArticlesViewer.Filters.LogActionFilterAttribute - Executed action: Index
2024-02-16 11:38:10,072 [6] INFO  ArticlesViewer.Filters.LogActionFilterAttribute - Executing action: LogIn
2024-02-16 11:38:10,107 [6] INFO  ArticlesViewer.Filters.LogActionFilterAttribute - Executed action: LogIn
2024-02-16 11:38:10,137 [8] INFO  ArticlesViewer.Filters.LogActionFilterAttribute - Executing action: Index
2024-02-16 11:38:10,606 [8] INFO  ArticlesViewer.Filters.LogActionFilterAttribute - Executed action: Index
2024-02-16 11:38:49,578 [6] INFO  ArticlesViewer.Filters.LogActionFilterAttribute - Executing action: Index
2024-02-16 11:38:49,578 [6] INFO  ArticlesViewer.Filters.LogActionFilterAttribute - Executed action: Index
2024-02-16 11:39:27,560 [6] INFO  ArticlesViewer.Filters.LogActionFilterAttribute - Executing action: Index
2024-02-16 11:39:27,828 [6] INFO  ArticlesViewer.Filters.LogActionFilterAttribute - Executed action: Index
2024-02-16 11:39:37,425 [6] INFO  ArticlesViewer.Filters.LogActionFilterAttribute - Executing action: LogIn
2024-02-16 11:39:37,543 [6] INFO  ArticlesViewer.Filters.LogActionFilterAttribute - Executed action: LogIn
2024-02-16 11:39:37,597 [6] INFO  ArticlesViewer.Filters.LogActionFilterAttribute - Executing action: Index
2024-02-16 11:39:38,176 [6] INFO  ArticlesViewer.Filters.LogActionFilterAttribute - Executed action: Index
2024-02-16 11:39:41,930 [6] INFO  ArticlesViewer.Filters.LogActionFilterAttribute - Executing action: Logout
2024-02-16 11:39:41,931 [6] INFO  ArticlesViewer.Filters.LogActionFilterAttribute - Executed action: Logout
2024-02-16 11:41:37,267 [7] INFO  ArticlesViewer.Filters.LogActionFilterAttribute - Executing action: Index
2024-02-16 11:41:37,336 [7] INFO  ArticlesViewer.Filters.LogActionFilterAttribute - Executed action: Index
2024-02-16 11:41:49,840 [6] INFO  ArticlesViewer.Filters.LogActionFilterAttribute - Executing action: LogIn
2024-02-16 11:41:49,902 [6] INFO  ArticlesViewer.Filters.LogActionFilterAttribute - Executed action: LogIn
2024-02-16 11:41:49,939 [8] INFO  ArticlesViewer.Filters.LogActionFilterAttribute - Executing action: Index
2024-02-16 11:41:50,355 [8] INFO  ArticlesViewer.Filters.LogActionFilterAttribute - Executed action: Index
2024-02-16 11:41:56,293 [6] INFO  ArticlesViewer.Filters.LogActionFilterAttribute - Executing action: Logout
2024-02-16 11:41:56,293 [6] INFO  ArticlesViewer.Filters.LogActionFilterAttribute - Executed action: Logout
2024-02-16 11:41:56,302 [7] INFO  ArticlesViewer.Filters.LogActionFilterAttribute - Executing action: Index
2024-02-16 11:41:56,303 [7] INFO  ArticlesViewer.Filters.LogActionFilterAttribute - Executed action: Index
2024-02-16 11:42:02,431 [8] INFO  ArticlesViewer.Filters.LogActionFilterAttribute - Executing action: Index
2024-02-16 11:42:02,431 [8] INFO  ArticlesViewer.Filters.LogActionFilterAttribute - Executed action: Index
2024-02-16 11:55:53,766 [6] INFO  ArticlesViewer.Filters.LogActionFilterAttribute - Executing action: Index
2024-02-16 11:55:53,785 [6] INFO  ArticlesViewer.Filters.LogActionFilterAttribute - Executed action: Index
2024-02-16 11:56:12,077 [7] INFO  ArticlesViewer.Filters.LogActionFilterAttribute - Executing action: LogIn
2024-02-16 11:56:13,125 [7] INFO  ArticlesViewer.Filters.LogActionFilterAttribute - Executed action: LogIn
2024-02-16 11:56:13,462 [8] INFO  ArticlesViewer.Filters.LogActionFilterAttribute - Executing action: Index
2024-02-16 11:56:14,598 [8] INFO  ArticlesViewer.Filters.LogActionFilterAttribute - Executed action: Index
2024-02-16 11:58:48,437 [6] INFO  ArticlesViewer.Filters.LogActionFilterAttribute - Executing action: Logout
2024-02-16 11:58:48,437 [6] INFO  ArticlesViewer.Filters.LogActionFilterAttribute - Executed action: Logout
2024-02-16 11:58:48,448 [7] INFO  ArticlesViewer.Filters.LogActionFilterAttribute - Executing action: Index
2024-02-16 11:58:48,452 [7] INFO  ArticlesViewer.Filters.LogActionFilterAttribute - Executed action: Index
2024-02-16 11:59:05,246 [6] INFO  ArticlesViewer.Filters.LogActionFilterAttribute - Executing action: LogIn
2024-02-16 11:59:05,246 [6] INFO  ArticlesViewer.Filters.LogActionFilterAttribute - Executed action: LogIn
2024-02-16 11:59:05,249 [8] INFO  ArticlesViewer.Filters.LogActionFilterAttribute - Executing action: Index
2024-02-16 11:59:05,249 [8] INFO  ArticlesViewer.Filters.LogActionFilterAttribute - Executed action: Index
2024-02-16 11:59:20,665 [6] INFO  ArticlesViewer.Filters.LogActionFilterAttribute - Executing action: Index
2024-02-16 11:59:20,665 [6] INFO  ArticlesViewer.Filters.LogActionFilterAttribute - Executed action: Index
2024-02-16 12:00:01,255 [6] INFO  ArticlesViewer.Filters.LogActionFilterAttribute - Executing action: Index
2024-02-16 12:00:01,260 [6] INFO  ArticlesViewer.Filters.LogActionFilterAttribute - Executed action: Index
2024-02-16 12:00:04,497 [8] INFO  ArticlesViewer.Filters.LogActionFilterAttribute - Executing action: Index
2024-02-16 12:00:04,498 [8] INFO  ArticlesViewer.Filters.LogActionFilterAttribute - Executed action: Index
2024-02-16 12:01:08,679 [6] INFO  ArticlesViewer.Filters.LogActionFilterAttribute - Executing action: Index
2024-02-16 12:01:08,679 [6] INFO  ArticlesViewer.Filters.LogActionFilterAttribute - Executed action: Index
2024-02-16 12:03:01,539 [17] INFO  ArticlesViewer.Filters.LogActionFilterAttribute - Executing action: Edit
2024-02-16 12:03:01,539 [17] INFO  ArticlesViewer.Filters.LogActionFilterAttribute - Executed action: Edit
2024-02-16 12:39:56,314 [7] INFO  ArticlesViewer.Filters.LogActionFilterAttribute - Executing action: Index
2024-02-16 12:39:56,330 [7] INFO  ArticlesViewer.Filters.LogActionFilterAttribute - Executed action: Index
2024-02-16 12:42:55,816 [7] INFO  ArticlesViewer.Filters.LogActionFilterAttribute - Executing action: Index
2024-02-16 12:42:55,816 [7] INFO  ArticlesViewer.Filters.LogActionFilterAttribute - Executed action: Index
2024-02-16 12:46:10,133 [7] INFO  ArticlesViewer.Filters.LogActionFilterAttribute - Executing action: Index
2024-02-16 12:46:10,139 [7] INFO  ArticlesViewer.Filters.LogActionFilterAttribute - Executed action: Index
2024-02-16 12:47:20,128 [9] INFO  ArticlesViewer.Filters.LogActionFilterAttribute - Executing action: Index
2024-02-16 12:47:20,176 [9] INFO  ArticlesViewer.Filters.LogActionFilterAttribute - Executed action: Index
2024-02-16 12:48:23,152 [8] INFO  ArticlesViewer.Filters.LogActionFilterAttribute - Executing action: Index
2024-02-16 12:48:23,201 [8] INFO  ArticlesViewer.Filters.LogActionFilterAttribute - Executed action: Index
2024-02-16 12:57:42,630 [7] INFO  ArticlesViewer.Filters.LogActionFilterAttribute - Executing action: Index
2024-02-16 12:57:42,636 [7] INFO  ArticlesViewer.Filters.LogActionFilterAttribute - Executed action: Index
2024-02-16 12:58:20,807 [9] INFO  ArticlesViewer.Filters.LogActionFilterAttribute - Executing action: Index
2024-02-16 12:58:20,824 [9] INFO  ArticlesViewer.Filters.LogActionFilterAttribute - Executed action: Index
2024-02-16 12:58:53,664 [6] INFO  ArticlesViewer.Filters.LogActionFilterAttribute - Executing action: Index
2024-02-16 12:58:53,665 [6] INFO  ArticlesViewer.Filters.LogActionFilterAttribute - Executed action: Index
2024-02-16 15:07:50,311 [8] INFO  ArticlesViewer.Filters.LogActionFilterAttribute - Executing action: Index
2024-02-16 15:07:50,952 [8] INFO  ArticlesViewer.Filters.LogActionFilterAttribute - Executed action: Index
2024-02-16 15:08:09,100 [7] INFO  ArticlesViewer.Filters.LogActionFilterAttribute - Executing action: LogIn
2024-02-16 15:08:09,109 [7] INFO  ArticlesViewer.Filters.LogActionFilterAttribute - Executed action: LogIn
2024-02-16 15:08:09,216 [8] INFO  ArticlesViewer.Filters.LogActionFilterAttribute - Executing action: Index
2024-02-16 15:08:09,223 [8] INFO  ArticlesViewer.Filters.LogActionFilterAttribute - Executed action: Index
2024-02-16 15:08:18,017 [6] INFO  ArticlesViewer.Filters.LogActionFilterAttribute - Executing action: LogIn
2024-02-16 15:08:19,132 [6] INFO  ArticlesViewer.Filters.LogActionFilterAttribute - Executed action: LogIn
2024-02-16 15:08:19,527 [8] INFO  ArticlesViewer.Filters.LogActionFilterAttribute - Executing action: Index
2024-02-16 15:08:21,932 [8] INFO  ArticlesViewer.Filters.LogActionFilterAttribute - Executed action: Index
2024-02-16 15:08:48,200 [6] INFO  ArticlesViewer.Filters.LogActionFilterAttribute - Executing action: Index
2024-02-16 15:08:48,207 [6] INFO  ArticlesViewer.Filters.LogActionFilterAttribute - Executed action: Index
2024-02-16 15:08:48,375 [9] INFO  ArticlesViewer.Filters.LogActionFilterAttribute - Executing action: Index
2024-02-16 15:08:48,375 [9] INFO  ArticlesViewer.Filters.LogActionFilterAttribute - Executed action: Index
2024-02-16 15:08:48,564 [6] INFO  ArticlesViewer.Filters.LogActionFilterAttribute - Executing action: Index
2024-02-16 15:08:48,566 [6] INFO  ArticlesViewer.Filters.LogActionFilterAttribute - Executed action: Index
2024-02-16 15:08:48,738 [7] INFO  ArticlesViewer.Filters.LogActionFilterAttribute - Executing action: Index
2024-02-16 15:08:48,738 [7] INFO  ArticlesViewer.Filters.LogActionFilterAttribute - Executed action: Index
2024-02-16 15:08:48,911 [8] INFO  ArticlesViewer.Filters.LogActionFilterAttribute - Executing action: Index
2024-02-16 15:08:48,911 [8] INFO  ArticlesViewer.Filters.LogActionFilterAttribute - Executed action: Index
2024-02-16 15:08:55,280 [6] INFO  ArticlesViewer.Filters.LogActionFilterAttribute - Executing action: Edit
2024-02-16 15:08:55,289 [6] INFO  ArticlesViewer.Filters.LogActionFilterAttribute - Executed action: Edit
2024-02-16 15:08:57,270 [6] INFO  ArticlesViewer.Filters.LogActionFilterAttribute - Executing action: Index
2024-02-16 15:08:57,270 [6] INFO  ArticlesViewer.Filters.LogActionFilterAttribute - Executed action: Index
2024-02-16 15:08:58,215 [10] INFO  ArticlesViewer.Filters.LogActionFilterAttribute - Executing action: Delete
2024-02-16 15:09:05,953 [10] INFO  ArticlesViewer.Filters.LogActionFilterAttribute - Executed action: Delete
2024-02-16 15:09:14,227 [6] INFO  ArticlesViewer.Filters.LogActionFilterAttribute - Executing action: Create
2024-02-16 15:09:14,237 [6] INFO  ArticlesViewer.Filters.LogActionFilterAttribute - Executed action: Create
2024-02-16 15:09:16,241 [7] INFO  ArticlesViewer.Filters.LogActionFilterAttribute - Executing action: Index
2024-02-16 15:09:16,243 [7] INFO  ArticlesViewer.Filters.LogActionFilterAttribute - Executed action: Index
2024-02-16 15:09:17,454 [9] INFO  ArticlesViewer.Filters.LogActionFilterAttribute - Executing action: Index
2024-02-16 15:09:17,454 [9] INFO  ArticlesViewer.Filters.LogActionFilterAttribute - Executed action: Index
2024-02-16 15:09:18,037 [6] INFO  ArticlesViewer.Filters.LogActionFilterAttribute - Executing action: Index
2024-02-16 15:09:18,037 [6] INFO  ArticlesViewer.Filters.LogActionFilterAttribute - Executed action: Index
2024-02-16 15:09:20,865 [6] INFO  ArticlesViewer.Filters.LogActionFilterAttribute - Executing action: Index
2024-02-16 15:09:20,868 [6] INFO  ArticlesViewer.Filters.LogActionFilterAttribute - Executed action: Index
2024-02-16 15:09:21,381 [8] INFO  ArticlesViewer.Filters.LogActionFilterAttribute - Executing action: Index
2024-02-16 15:09:21,381 [8] INFO  ArticlesViewer.Filters.LogActionFilterAttribute - Executed action: Index
2024-02-16 15:09:21,843 [10] INFO  ArticlesViewer.Filters.LogActionFilterAttribute - Executing action: Index
2024-02-16 15:09:21,843 [10] INFO  ArticlesViewer.Filters.LogActionFilterAttribute - Executed action: Index
2024-02-16 15:09:22,067 [12] INFO  ArticlesViewer.Filters.LogActionFilterAttribute - Executing action: Index
2024-02-16 15:09:22,073 [12] INFO  ArticlesViewer.Filters.LogActionFilterAttribute - Executed action: Index
2024-02-16 15:09:22,247 [7] INFO  ArticlesViewer.Filters.LogActionFilterAttribute - Executing action: Index
2024-02-16 15:09:22,247 [7] INFO  ArticlesViewer.Filters.LogActionFilterAttribute - Executed action: Index
2024-02-16 15:09:22,581 [8] INFO  ArticlesViewer.Filters.LogActionFilterAttribute - Executing action: Index
2024-02-16 15:09:22,583 [8] INFO  ArticlesViewer.Filters.LogActionFilterAttribute - Executed action: Index
2024-02-16 15:09:26,724 [7] INFO  ArticlesViewer.Filters.LogActionFilterAttribute - Executing action: Logout
2024-02-16 15:09:26,724 [7] INFO  ArticlesViewer.Filters.LogActionFilterAttribute - Executed action: Logout
2024-02-16 15:09:26,741 [10] INFO  ArticlesViewer.Filters.LogActionFilterAttribute - Executing action: Index
2024-02-16 15:09:26,741 [10] INFO  ArticlesViewer.Filters.LogActionFilterAttribute - Executed action: Index
2024-02-16 15:09:44,035 [12] INFO  ArticlesViewer.Filters.LogActionFilterAttribute - Executing action: LogIn
2024-02-16 15:09:44,035 [12] INFO  ArticlesViewer.Filters.LogActionFilterAttribute - Executed action: LogIn
2024-02-16 15:09:44,050 [14] INFO  ArticlesViewer.Filters.LogActionFilterAttribute - Executing action: Index
2024-02-16 15:09:44,054 [14] INFO  ArticlesViewer.Filters.LogActionFilterAttribute - Executed action: Index
2024-02-16 15:11:50,193 [6] INFO  ArticlesViewer.Filters.LogActionFilterAttribute - Executing action: Logout
2024-02-16 15:11:50,193 [6] INFO  ArticlesViewer.Filters.LogActionFilterAttribute - Executed action: Logout
2024-02-16 15:11:50,193 [7] INFO  ArticlesViewer.Filters.LogActionFilterAttribute - Executing action: Index
2024-02-16 15:11:50,193 [7] INFO  ArticlesViewer.Filters.LogActionFilterAttribute - Executed action: Index
2024-02-16 15:12:07,130 [7] INFO  ArticlesViewer.Filters.LogActionFilterAttribute - Executing action: LogIn
2024-02-16 15:12:07,130 [7] INFO  ArticlesViewer.Filters.LogActionFilterAttribute - Executed action: LogIn
2024-02-16 15:12:07,138 [8] INFO  ArticlesViewer.Filters.LogActionFilterAttribute - Executing action: Index
2024-02-16 15:12:07,138 [8] INFO  ArticlesViewer.Filters.LogActionFilterAttribute - Executed action: Index
2024-02-16 15:12:41,535 [7] INFO  ArticlesViewer.Filters.LogActionFilterAttribute - Executing action: Index
2024-02-16 15:12:41,535 [7] INFO  ArticlesViewer.Filters.LogActionFilterAttribute - Executed action: Index
2024-02-16 15:12:49,668 [7] INFO  ArticlesViewer.Filters.LogActionFilterAttribute - Executing action: LogIn
2024-02-16 15:12:49,668 [7] INFO  ArticlesViewer.Filters.LogActionFilterAttribute - Executed action: LogIn
2024-02-16 15:12:49,678 [20] INFO  ArticlesViewer.Filters.LogActionFilterAttribute - Executing action: Index
2024-02-16 15:12:49,678 [20] INFO  ArticlesViewer.Filters.LogActionFilterAttribute - Executed action: Index
2024-02-16 15:12:56,195 [6] INFO  ArticlesViewer.Filters.LogActionFilterAttribute - Executing action: Logout
2024-02-16 15:12:56,195 [6] INFO  ArticlesViewer.Filters.LogActionFilterAttribute - Executed action: Logout
2024-02-16 15:12:56,205 [7] INFO  ArticlesViewer.Filters.LogActionFilterAttribute - Executing action: Index
2024-02-16 15:12:56,205 [7] INFO  ArticlesViewer.Filters.LogActionFilterAttribute - Executed action: Index
2024-02-16 15:13:04,661 [6] INFO  ArticlesViewer.Filters.LogActionFilterAttribute - Executing action: LogIn
2024-02-16 15:13:04,661 [6] INFO  ArticlesViewer.Filters.LogActionFilterAttribute - Executed action: LogIn
2024-02-16 15:13:04,672 [8] INFO  ArticlesViewer.Filters.LogActionFilterAttribute - Executing action: Index
2024-02-16 15:13:04,672 [8] INFO  ArticlesViewer.Filters.LogActionFilterAttribute - Executed action: Index
2024-02-16 15:14:23,851 [6] INFO  ArticlesViewer.Filters.LogActionFilterAttribute - Executing action: Index
2024-02-16 15:14:23,899 [6] INFO  ArticlesViewer.Filters.LogActionFilterAttribute - Executed action: Index
2024-02-16 15:14:30,767 [6] INFO  ArticlesViewer.Filters.LogActionFilterAttribute - Executing action: LogIn
2024-02-16 15:14:30,767 [6] INFO  ArticlesViewer.Filters.LogActionFilterAttribute - Executed action: LogIn
2024-02-16 15:14:30,800 [8] INFO  ArticlesViewer.Filters.LogActionFilterAttribute - Executing action: Index
2024-02-16 15:14:30,800 [8] INFO  ArticlesViewer.Filters.LogActionFilterAttribute - Executed action: Index
2024-02-16 15:14:36,933 [7] INFO  ArticlesViewer.Filters.LogActionFilterAttribute - Executing action: LogIn
2024-02-16 15:14:36,933 [7] INFO  ArticlesViewer.Filters.LogActionFilterAttribute - Executed action: LogIn
2024-02-16 15:14:36,942 [10] INFO  ArticlesViewer.Filters.LogActionFilterAttribute - Executing action: Index
2024-02-16 15:14:36,942 [10] INFO  ArticlesViewer.Filters.LogActionFilterAttribute - Executed action: Index
2024-02-18 17:38:05,805 [7] INFO  ArticlesViewer.Filters.LogActionFilterAttribute - Executing action: Index
2024-02-18 17:38:06,455 [7] INFO  ArticlesViewer.Filters.LogActionFilterAttribute - Executed action: Index
2024-02-18 17:38:29,320 [7] INFO  ArticlesViewer.Filters.LogActionFilterAttribute - Executing action: LogIn
2024-02-18 17:38:29,555 [7] INFO  ArticlesViewer.Filters.LogActionFilterAttribute - Executed action: LogIn
2024-02-18 17:38:29,943 [8] INFO  ArticlesViewer.Filters.LogActionFilterAttribute - Executing action: Index
2024-02-18 17:38:31,942 [8] INFO  ArticlesViewer.Filters.LogActionFilterAttribute - Executed action: Index
2024-02-18 17:38:41,716 [5] INFO  ArticlesViewer.Filters.LogActionFilterAttribute - Executing action: Create
2024-02-18 17:38:41,733 [5] INFO  ArticlesViewer.Filters.LogActionFilterAttribute - Executed action: Create
2024-02-18 17:41:11,389 [6] INFO  ArticlesViewer.Filters.LogActionFilterAttribute - Executing action: Index
2024-02-18 17:41:11,451 [6] INFO  ArticlesViewer.Filters.LogActionFilterAttribute - Executed action: Index
2024-02-18 17:41:22,722 [5] INFO  ArticlesViewer.Filters.LogActionFilterAttribute - Executing action: LogIn
2024-02-18 17:41:22,927 [5] INFO  ArticlesViewer.Filters.LogActionFilterAttribute - Executed action: LogIn
2024-02-18 17:41:23,007 [7] INFO  ArticlesViewer.Filters.LogActionFilterAttribute - Executing action: Index
2024-02-18 17:41:24,099 [7] INFO  ArticlesViewer.Filters.LogActionFilterAttribute - Executed action: Index
2024-02-18 17:41:27,682 [5] INFO  ArticlesViewer.Filters.LogActionFilterAttribute - Executing action: Create
2024-02-18 17:41:37,213 [5] INFO  ArticlesViewer.Filters.LogActionFilterAttribute - Executed action: Create
2024-02-18 17:41:48,509 [7] INFO  ArticlesViewer.Filters.LogActionFilterAttribute - Executing action: Create
2024-02-18 17:45:03,469 [7] INFO  ArticlesViewer.Filters.LogActionFilterAttribute - Executing action: Index
2024-02-18 17:45:04,538 [7] INFO  ArticlesViewer.Filters.LogActionFilterAttribute - Executed action: Index
2024-02-18 17:45:18,791 [7] INFO  ArticlesViewer.Filters.LogActionFilterAttribute - Executing action: LogIn
2024-02-18 17:45:18,988 [7] INFO  ArticlesViewer.Filters.LogActionFilterAttribute - Executed action: LogIn
2024-02-18 17:45:19,047 [8] INFO  ArticlesViewer.Filters.LogActionFilterAttribute - Executing action: Index
2024-02-18 17:45:20,155 [8] INFO  ArticlesViewer.Filters.LogActionFilterAttribute - Executed action: Index
2024-02-18 17:45:51,044 [6] INFO  ArticlesViewer.Filters.LogActionFilterAttribute - Executing action: Create
2024-02-18 17:45:54,065 [6] INFO  ArticlesViewer.Filters.LogActionFilterAttribute - Executed action: Create
2024-02-18 17:46:17,256 [6] INFO  ArticlesViewer.Filters.LogActionFilterAttribute - Executing action: Create
2024-02-18 17:47:28,458 [6] INFO  ArticlesViewer.Filters.LogActionFilterAttribute - Executing action: Index
2024-02-18 17:47:29,398 [6] INFO  ArticlesViewer.Filters.LogActionFilterAttribute - Executed action: Index
2024-02-18 17:47:45,277 [6] INFO  ArticlesViewer.Filters.LogActionFilterAttribute - Executing action: LogIn
2024-02-18 17:47:45,509 [6] INFO  ArticlesViewer.Filters.LogActionFilterAttribute - Executed action: LogIn
2024-02-18 17:47:45,577 [9] INFO  ArticlesViewer.Filters.LogActionFilterAttribute - Executing action: Index
2024-02-18 17:47:46,726 [9] INFO  ArticlesViewer.Filters.LogActionFilterAttribute - Executed action: Index
2024-02-18 17:47:49,668 [6] INFO  ArticlesViewer.Filters.LogActionFilterAttribute - Executing action: Create
2024-02-18 17:47:54,238 [6] INFO  ArticlesViewer.Filters.LogActionFilterAttribute - Executed action: Create
2024-02-18 17:48:04,923 [9] INFO  ArticlesViewer.Filters.LogActionFilterAttribute - Executing action: Create
2024-02-18 17:53:01,474 [7] INFO  ArticlesViewer.Filters.LogActionFilterAttribute - Executing action: Index
2024-02-18 17:53:02,587 [7] INFO  ArticlesViewer.Filters.LogActionFilterAttribute - Executed action: Index
2024-02-18 17:53:18,742 [6] INFO  ArticlesViewer.Filters.LogActionFilterAttribute - Executing action: LogIn
2024-02-18 17:53:18,864 [6] INFO  ArticlesViewer.Filters.LogActionFilterAttribute - Executed action: LogIn
2024-02-18 17:53:18,919 [9] INFO  ArticlesViewer.Filters.LogActionFilterAttribute - Executing action: Index
2024-02-18 17:53:19,980 [9] INFO  ArticlesViewer.Filters.LogActionFilterAttribute - Executed action: Index
2024-02-18 17:53:27,286 [6] INFO  ArticlesViewer.Filters.LogActionFilterAttribute - Executing action: Create
2024-02-18 17:53:30,079 [6] INFO  ArticlesViewer.Filters.LogActionFilterAttribute - Executed action: Create
2024-02-18 17:53:44,229 [6] INFO  ArticlesViewer.Filters.LogActionFilterAttribute - Executing action: Create
2024-02-18 17:57:55,785 [6] INFO  ArticlesViewer.Filters.LogActionFilterAttribute - Executing action: Index
2024-02-18 17:57:56,842 [6] INFO  ArticlesViewer.Filters.LogActionFilterAttribute - Executed action: Index
2024-02-18 17:58:08,375 [7] INFO  ArticlesViewer.Filters.LogActionFilterAttribute - Executing action: LogIn
2024-02-18 17:58:08,559 [7] INFO  ArticlesViewer.Filters.LogActionFilterAttribute - Executed action: LogIn
2024-02-18 17:58:08,611 [8] INFO  ArticlesViewer.Filters.LogActionFilterAttribute - Executing action: Index
2024-02-18 17:58:09,705 [8] INFO  ArticlesViewer.Filters.LogActionFilterAttribute - Executed action: Index
2024-02-18 17:58:14,873 [6] INFO  ArticlesViewer.Filters.LogActionFilterAttribute - Executing action: Create
2024-02-18 17:58:14,888 [6] INFO  ArticlesViewer.Filters.LogActionFilterAttribute - Executed action: Create
2024-02-18 17:58:55,267 [6] INFO  ArticlesViewer.Filters.LogActionFilterAttribute - Executing action: Create
2024-02-18 17:58:55,649 [6] INFO  ArticlesViewer.Filters.LogActionFilterAttribute - Executed action: Create
2024-02-18 17:58:58,149 [7] INFO  ArticlesViewer.Filters.LogActionFilterAttribute - Executing action: Index
2024-02-18 17:58:58,149 [7] INFO  ArticlesViewer.Filters.LogActionFilterAttribute - Executed action: Index
2024-02-18 17:59:01,493 [10] INFO  ArticlesViewer.Filters.LogActionFilterAttribute - Executing action: Index
2024-02-18 17:59:01,493 [10] INFO  ArticlesViewer.Filters.LogActionFilterAttribute - Executed action: Index
2024-02-18 17:59:02,459 [7] INFO  ArticlesViewer.Filters.LogActionFilterAttribute - Executing action: Index
2024-02-18 17:59:02,459 [7] INFO  ArticlesViewer.Filters.LogActionFilterAttribute - Executed action: Index
2024-02-18 17:59:03,198 [11] INFO  ArticlesViewer.Filters.LogActionFilterAttribute - Executing action: Index
2024-02-18 17:59:03,198 [11] INFO  ArticlesViewer.Filters.LogActionFilterAttribute - Executed action: Index
2024-02-18 17:59:05,153 [6] INFO  ArticlesViewer.Filters.LogActionFilterAttribute - Executing action: Index
2024-02-18 17:59:05,156 [6] INFO  ArticlesViewer.Filters.LogActionFilterAttribute - Executed action: Index
2024-02-18 17:59:11,590 [6] INFO  ArticlesViewer.Filters.LogActionFilterAttribute - Executing action: Index
2024-02-18 17:59:11,593 [6] INFO  ArticlesViewer.Filters.LogActionFilterAttribute - Executed action: Index
2024-02-18 17:59:17,052 [6] INFO  ArticlesViewer.Filters.LogActionFilterAttribute - Executing action: Index
2024-02-18 17:59:17,052 [6] INFO  ArticlesViewer.Filters.LogActionFilterAttribute - Executed action: Index
2024-02-18 17:59:30,734 [6] INFO  ArticlesViewer.Filters.LogActionFilterAttribute - Executing action: Index
2024-02-18 17:59:30,734 [6] INFO  ArticlesViewer.Filters.LogActionFilterAttribute - Executed action: Index
2024-02-18 17:59:31,525 [8] INFO  ArticlesViewer.Filters.LogActionFilterAttribute - Executing action: Index
2024-02-18 17:59:31,527 [8] INFO  ArticlesViewer.Filters.LogActionFilterAttribute - Executed action: Index
2024-02-18 17:59:33,300 [9] INFO  ArticlesViewer.Filters.LogActionFilterAttribute - Executing action: Create
2024-02-18 17:59:33,302 [9] INFO  ArticlesViewer.Filters.LogActionFilterAttribute - Executed action: Create
2024-02-18 17:59:56,102 [7] INFO  ArticlesViewer.Filters.LogActionFilterAttribute - Executing action: Create
2024-02-18 17:59:56,244 [7] INFO  ArticlesViewer.Filters.LogActionFilterAttribute - Executed action: Create
2024-02-18 18:00:00,095 [10] INFO  ArticlesViewer.Filters.LogActionFilterAttribute - Executing action: Index
2024-02-18 18:00:00,095 [10] INFO  ArticlesViewer.Filters.LogActionFilterAttribute - Executed action: Index
2024-02-18 18:00:05,025 [7] INFO  ArticlesViewer.Filters.LogActionFilterAttribute - Executing action: Index
2024-02-18 18:00:05,027 [7] INFO  ArticlesViewer.Filters.LogActionFilterAttribute - Executed action: Index
2024-02-18 18:00:06,168 [8] INFO  ArticlesViewer.Filters.LogActionFilterAttribute - Executing action: Index
2024-02-18 18:00:06,171 [8] INFO  ArticlesViewer.Filters.LogActionFilterAttribute - Executed action: Index
2024-02-18 18:00:07,022 [9] INFO  ArticlesViewer.Filters.LogActionFilterAttribute - Executing action: Index
2024-02-18 18:00:07,024 [9] INFO  ArticlesViewer.Filters.LogActionFilterAttribute - Executed action: Index
2024-02-18 18:00:09,727 [7] INFO  ArticlesViewer.Filters.LogActionFilterAttribute - Executing action: Index
2024-02-18 18:00:09,727 [7] INFO  ArticlesViewer.Filters.LogActionFilterAttribute - Executed action: Index
2024-02-18 18:00:10,582 [8] INFO  ArticlesViewer.Filters.LogActionFilterAttribute - Executing action: Index
2024-02-18 18:00:10,582 [8] INFO  ArticlesViewer.Filters.LogActionFilterAttribute - Executed action: Index
2024-02-18 18:00:11,423 [7] INFO  ArticlesViewer.Filters.LogActionFilterAttribute - Executing action: Index
2024-02-18 18:00:11,423 [7] INFO  ArticlesViewer.Filters.LogActionFilterAttribute - Executed action: Index
2024-02-18 18:03:35,499 [6] INFO  ArticlesViewer.Filters.LogActionFilterAttribute - Executing action: Index
2024-02-18 18:03:35,512 [6] INFO  ArticlesViewer.Filters.LogActionFilterAttribute - Executed action: Index
2024-02-18 18:03:41,293 [5] INFO  ArticlesViewer.Filters.LogActionFilterAttribute - Executing action: LogIn
2024-02-18 18:03:41,341 [5] INFO  ArticlesViewer.Filters.LogActionFilterAttribute - Executed action: LogIn
2024-02-18 18:03:41,376 [7] INFO  ArticlesViewer.Filters.LogActionFilterAttribute - Executing action: Index
2024-02-18 18:03:41,874 [7] INFO  ArticlesViewer.Filters.LogActionFilterAttribute - Executed action: Index
2024-02-18 18:03:45,269 [5] INFO  ArticlesViewer.Filters.LogActionFilterAttribute - Executing action: Create
2024-02-18 18:03:45,269 [5] INFO  ArticlesViewer.Filters.LogActionFilterAttribute - Executed action: Create
2024-02-18 18:03:53,613 [5] INFO  ArticlesViewer.Filters.LogActionFilterAttribute - Executing action: Create
2024-02-18 18:05:06,330 [8] INFO  ArticlesViewer.Filters.LogActionFilterAttribute - Executing action: Index
2024-02-18 18:05:06,345 [8] INFO  ArticlesViewer.Filters.LogActionFilterAttribute - Executed action: Index
2024-02-18 18:05:18,351 [6] INFO  ArticlesViewer.Filters.LogActionFilterAttribute - Executing action: LogIn
2024-02-18 18:05:18,451 [6] INFO  ArticlesViewer.Filters.LogActionFilterAttribute - Executed action: LogIn
2024-02-18 18:05:18,485 [8] INFO  ArticlesViewer.Filters.LogActionFilterAttribute - Executing action: Index
2024-02-18 18:05:18,999 [8] INFO  ArticlesViewer.Filters.LogActionFilterAttribute - Executed action: Index
2024-02-18 18:05:21,815 [6] INFO  ArticlesViewer.Filters.LogActionFilterAttribute - Executing action: Create
2024-02-18 18:05:21,815 [6] INFO  ArticlesViewer.Filters.LogActionFilterAttribute - Executed action: Create
2024-02-18 18:05:38,253 [8] INFO  ArticlesViewer.Filters.LogActionFilterAttribute - Executing action: Create
2024-02-18 18:16:23,229 [9] INFO  ArticlesViewer.Filters.LogActionFilterAttribute - Executing action: Index
2024-02-18 18:16:23,245 [9] INFO  ArticlesViewer.Filters.LogActionFilterAttribute - Executed action: Index
2024-02-18 18:16:33,272 [6] INFO  ArticlesViewer.Filters.LogActionFilterAttribute - Executing action: LogIn
2024-02-18 18:16:33,330 [6] INFO  ArticlesViewer.Filters.LogActionFilterAttribute - Executed action: LogIn
2024-02-18 18:16:33,363 [8] INFO  ArticlesViewer.Filters.LogActionFilterAttribute - Executing action: Index
2024-02-18 18:16:33,872 [8] INFO  ArticlesViewer.Filters.LogActionFilterAttribute - Executed action: Index
2024-02-18 18:16:37,817 [6] INFO  ArticlesViewer.Filters.LogActionFilterAttribute - Executing action: Create
2024-02-18 18:16:37,834 [6] INFO  ArticlesViewer.Filters.LogActionFilterAttribute - Executed action: Create
2024-02-18 18:17:08,406 [6] INFO  ArticlesViewer.Filters.LogActionFilterAttribute - Executing action: Create
2024-02-18 18:17:08,406 [6] INFO  ArticlesViewer.Filters.LogActionFilterAttribute - Executed action: Create
2024-02-18 18:17:08,425 [7] INFO  ArticlesViewer.Filters.LogActionFilterAttribute - Executing action: Index
2024-02-18 18:17:08,425 [7] INFO  ArticlesViewer.Filters.LogActionFilterAttribute - Executed action: Index
2024-02-18 18:17:11,104 [8] INFO  ArticlesViewer.Filters.LogActionFilterAttribute - Executing action: Index
2024-02-18 18:17:11,106 [8] INFO  ArticlesViewer.Filters.LogActionFilterAttribute - Executed action: Index
2024-02-18 18:17:11,856 [10] INFO  ArticlesViewer.Filters.LogActionFilterAttribute - Executing action: Index
2024-02-18 18:17:11,858 [10] INFO  ArticlesViewer.Filters.LogActionFilterAttribute - Executed action: Index
2024-02-18 18:17:12,572 [11] INFO  ArticlesViewer.Filters.LogActionFilterAttribute - Executing action: Index
2024-02-18 18:17:12,574 [11] INFO  ArticlesViewer.Filters.LogActionFilterAttribute - Executed action: Index
2024-02-18 18:17:15,204 [6] INFO  ArticlesViewer.Filters.LogActionFilterAttribute - Executing action: Delete
2024-02-18 18:17:15,208 [6] INFO  ArticlesViewer.Filters.LogActionFilterAttribute - Executed action: Delete
2024-02-18 18:17:15,208 [8] INFO  ArticlesViewer.Filters.LogActionFilterAttribute - Executing action: Index
2024-02-18 18:17:15,215 [8] INFO  ArticlesViewer.Filters.LogActionFilterAttribute - Executed action: Index
2024-02-18 18:17:18,097 [6] INFO  ArticlesViewer.Filters.LogActionFilterAttribute - Executing action: Index
2024-02-18 18:17:18,099 [6] INFO  ArticlesViewer.Filters.LogActionFilterAttribute - Executed action: Index
2024-02-18 18:17:18,682 [8] INFO  ArticlesViewer.Filters.LogActionFilterAttribute - Executing action: Index
2024-02-18 18:17:18,683 [8] INFO  ArticlesViewer.Filters.LogActionFilterAttribute - Executed action: Index
2024-02-18 18:17:19,177 [9] INFO  ArticlesViewer.Filters.LogActionFilterAttribute - Executing action: Index
2024-02-18 18:17:19,178 [9] INFO  ArticlesViewer.Filters.LogActionFilterAttribute - Executed action: Index
2024-02-19 11:35:27,911 [8] INFO  ArticlesViewer.Filters.LogActionFilterAttribute - Executing action: Index
2024-02-19 11:35:28,447 [8] INFO  ArticlesViewer.Filters.LogActionFilterAttribute - Executed action: Index
2024-02-19 11:35:42,640 [7] INFO  ArticlesViewer.Filters.LogActionFilterAttribute - Executing action: LogIn
2024-02-19 11:35:43,821 [7] INFO  ArticlesViewer.Filters.LogActionFilterAttribute - Executed action: LogIn
2024-02-19 11:35:44,225 [6] INFO  ArticlesViewer.Filters.LogActionFilterAttribute - Executing action: Index
2024-02-19 11:35:45,402 [6] INFO  ArticlesViewer.Filters.LogActionFilterAttribute - Executed action: Index
2024-02-19 11:35:49,945 [7] INFO  ArticlesViewer.Filters.LogActionFilterAttribute - Executing action: Create
2024-02-19 11:35:49,963 [7] INFO  ArticlesViewer.Filters.LogActionFilterAttribute - Executed action: Create
2024-02-19 11:36:07,270 [7] INFO  ArticlesViewer.Filters.LogActionFilterAttribute - Executing action: Index
2024-02-19 11:36:07,278 [7] INFO  ArticlesViewer.Filters.LogActionFilterAttribute - Executed action: Index
2024-02-19 11:36:22,576 [6] INFO  ArticlesViewer.Filters.LogActionFilterAttribute - Executing action: Logout
2024-02-19 11:36:22,576 [6] INFO  ArticlesViewer.Filters.LogActionFilterAttribute - Executed action: Logout
2024-02-19 11:36:22,596 [8] INFO  ArticlesViewer.Filters.LogActionFilterAttribute - Executing action: Index
2024-02-19 11:36:22,602 [8] INFO  ArticlesViewer.Filters.LogActionFilterAttribute - Executed action: Index
2024-02-19 11:38:19,459 [7] INFO  ArticlesViewer.Filters.LogActionFilterAttribute - Executing action: LogIn
2024-02-19 11:38:19,459 [7] INFO  ArticlesViewer.Filters.LogActionFilterAttribute - Executed action: LogIn
2024-02-19 11:38:19,463 [8] INFO  ArticlesViewer.Filters.LogActionFilterAttribute - Executing action: Index
2024-02-19 11:38:19,474 [8] INFO  ArticlesViewer.Filters.LogActionFilterAttribute - Executed action: Index
2024-02-19 12:09:04,595 [8] INFO  ArticlesViewer.Filters.LogActionFilterAttribute - Executing action: Index
2024-02-19 12:09:04,722 [8] INFO  ArticlesViewer.Filters.LogActionFilterAttribute - Executed action: Index
2024-02-19 12:09:40,495 [10] INFO  ArticlesViewer.Filters.LogActionFilterAttribute - Executing action: LogIn
2024-02-19 12:09:40,588 [10] INFO  ArticlesViewer.Filters.LogActionFilterAttribute - Executed action: LogIn
2024-02-19 12:09:40,645 [7] INFO  ArticlesViewer.Filters.LogActionFilterAttribute - Executing action: Index
2024-02-19 12:09:42,296 [7] INFO  ArticlesViewer.Filters.LogActionFilterAttribute - Executed action: Index
2024-02-20 10:25:10,470 [6] INFO  ArticlesViewer.Filters.LogActionFilterAttribute - Executing action: Index
2024-02-20 10:25:10,853 [6] INFO  ArticlesViewer.Filters.LogActionFilterAttribute - Executed action: Index
2024-02-20 10:25:22,150 [6] INFO  ArticlesViewer.Filters.LogActionFilterAttribute - Executing action: LogIn
2024-02-20 10:25:22,167 [6] INFO  ArticlesViewer.Filters.LogActionFilterAttribute - Executed action: LogIn
2024-02-20 10:25:22,234 [9] INFO  ArticlesViewer.Filters.LogActionFilterAttribute - Executing action: Index
2024-02-20 10:25:22,234 [9] INFO  ArticlesViewer.Filters.LogActionFilterAttribute - Executed action: Index
2024-02-20 10:25:29,306 [6] INFO  ArticlesViewer.Filters.LogActionFilterAttribute - Executing action: LogIn
2024-02-20 10:25:30,422 [6] INFO  ArticlesViewer.Filters.LogActionFilterAttribute - Executed action: LogIn
2024-02-20 10:25:30,739 [9] INFO  ArticlesViewer.Filters.LogActionFilterAttribute - Executing action: Index
2024-02-20 10:25:31,890 [9] INFO  ArticlesViewer.Filters.LogActionFilterAttribute - Executed action: Index
2024-02-20 10:34:41,750 [6] INFO  ArticlesViewer.Filters.LogActionFilterAttribute - Executing action: Index
2024-02-20 10:34:42,076 [6] INFO  ArticlesViewer.Filters.LogActionFilterAttribute - Executed action: Index
2024-02-20 10:34:49,909 [6] INFO  ArticlesViewer.Filters.LogActionFilterAttribute - Executing action: LogIn
2024-02-20 10:34:50,052 [6] INFO  ArticlesViewer.Filters.LogActionFilterAttribute - Executed action: LogIn
2024-02-20 10:34:50,115 [7] INFO  ArticlesViewer.Filters.LogActionFilterAttribute - Executing action: Index
2024-02-20 10:34:51,004 [7] INFO  ArticlesViewer.Filters.LogActionFilterAttribute - Executed action: Index
2024-02-20 10:35:58,187 [6] INFO  ArticlesViewer.Filters.LogActionFilterAttribute - Executing action: Index
2024-02-20 10:35:58,470 [6] INFO  ArticlesViewer.Filters.LogActionFilterAttribute - Executed action: Index
2024-02-20 10:36:09,281 [6] INFO  ArticlesViewer.Filters.LogActionFilterAttribute - Executing action: LogIn
2024-02-20 10:36:09,457 [6] INFO  ArticlesViewer.Filters.LogActionFilterAttribute - Executed action: LogIn
2024-02-20 10:36:09,517 [8] INFO  ArticlesViewer.Filters.LogActionFilterAttribute - Executing action: Index
2024-02-20 10:36:10,525 [8] INFO  ArticlesViewer.Filters.LogActionFilterAttribute - Executed action: Index
2024-02-20 10:36:51,419 [6] INFO  ArticlesViewer.Filters.LogActionFilterAttribute - Executing action: Index
2024-02-20 10:36:51,419 [6] INFO  ArticlesViewer.Filters.LogActionFilterAttribute - Executed action: Index
